Traceback (most recent call last):
<<<<<<< HEAD
  File "/usr/local/lib/python3.10/dist-packages/nbclient/client.py", line 778, in _async_poll_for_reply
    msg = await ensure_async(self.kc.shell_channel.get_msg(timeout=new_timeout))
  File "/usr/local/lib/python3.10/dist-packages/jupyter_core/utils/__init__.py", line 182, in ensure_async
    result = await obj
  File "/usr/local/lib/python3.10/dist-packages/jupyter_client/asynchronous/channels.py", line 48, in get_msg
=======
  File "/Users/wijehyeon/opt/anaconda3/envs/py39/lib/python3.9/site-packages/nbclient/client.py", line 730, in _async_poll_for_reply
    msg = await ensure_async(self.kc.shell_channel.get_msg(timeout=new_timeout))
  File "/Users/wijehyeon/opt/anaconda3/envs/py39/lib/python3.9/site-packages/nbclient/util.py", line 96, in ensure_async
    result = await obj
  File "/Users/wijehyeon/opt/anaconda3/envs/py39/lib/python3.9/site-packages/jupyter_client/channels.py", line 230, in get_msg
>>>>>>> c6f243b4f43ed70bc521150ebcddfd5a9201eaf0
    raise Empty
_queue.Empty

During handling of the above exception, another exception occurred:

Traceback (most recent call last):
<<<<<<< HEAD
  File "/usr/local/lib/python3.10/dist-packages/jupyter_cache/executors/utils.py", line 58, in single_nb_execution
    executenb(
  File "/usr/local/lib/python3.10/dist-packages/nbclient/client.py", line 1305, in execute
    return NotebookClient(nb=nb, resources=resources, km=km, **kwargs).execute()
  File "/usr/local/lib/python3.10/dist-packages/jupyter_core/utils/__init__.py", line 166, in wrapped
    return loop.run_until_complete(inner)
  File "/usr/lib/python3.10/asyncio/base_events.py", line 649, in run_until_complete
    return future.result()
  File "/usr/local/lib/python3.10/dist-packages/nbclient/client.py", line 705, in async_execute
    await self.async_execute_cell(
  File "/usr/local/lib/python3.10/dist-packages/nbclient/client.py", line 1001, in async_execute_cell
    exec_reply = await self.task_poll_for_reply
  File "/usr/local/lib/python3.10/dist-packages/nbclient/client.py", line 802, in _async_poll_for_reply
    error_on_timeout_execute_reply = await self._async_handle_timeout(timeout, cell)
  File "/usr/local/lib/python3.10/dist-packages/nbclient/client.py", line 852, in _async_handle_timeout
=======
  File "/Users/wijehyeon/opt/anaconda3/envs/py39/lib/python3.9/site-packages/jupyter_cache/executors/utils.py", line 58, in single_nb_execution
    executenb(
  File "/Users/wijehyeon/opt/anaconda3/envs/py39/lib/python3.9/site-packages/nbclient/client.py", line 1204, in execute
    return NotebookClient(nb=nb, resources=resources, km=km, **kwargs).execute()
  File "/Users/wijehyeon/opt/anaconda3/envs/py39/lib/python3.9/site-packages/nbclient/util.py", line 84, in wrapped
    return just_run(coro(*args, **kwargs))
  File "/Users/wijehyeon/opt/anaconda3/envs/py39/lib/python3.9/site-packages/nbclient/util.py", line 62, in just_run
    return loop.run_until_complete(coro)
  File "/Users/wijehyeon/opt/anaconda3/envs/py39/lib/python3.9/asyncio/base_events.py", line 647, in run_until_complete
    return future.result()
  File "/Users/wijehyeon/opt/anaconda3/envs/py39/lib/python3.9/site-packages/nbclient/client.py", line 663, in async_execute
    await self.async_execute_cell(
  File "/Users/wijehyeon/opt/anaconda3/envs/py39/lib/python3.9/site-packages/nbclient/client.py", line 949, in async_execute_cell
    exec_reply = await self.task_poll_for_reply
  File "/Users/wijehyeon/opt/anaconda3/envs/py39/lib/python3.9/site-packages/nbclient/client.py", line 754, in _async_poll_for_reply
    await self._async_handle_timeout(timeout, cell)
  File "/Users/wijehyeon/opt/anaconda3/envs/py39/lib/python3.9/site-packages/nbclient/client.py", line 801, in _async_handle_timeout
>>>>>>> c6f243b4f43ed70bc521150ebcddfd5a9201eaf0
    raise CellTimeoutError.error_from_timeout_and_cell(
nbclient.exceptions.CellTimeoutError: A cell timed out while it was being executed, after 30 seconds.
The message was: Cell execution timed out.
Here is a preview of the cell contents:
-------------------
!jupyter-book build ./

-------------------

